{"C:\\code\\envcrypt\\lib\\encryption.js": {"path":"C:\\code\\envcrypt\\lib\\encryption.js","statementMap":{"0":{"start":{"line":1,"column":11},"end":{"line":1,"column":24}},"1":{"start":{"line":2,"column":13},"end":{"line":2,"column":28}},"2":{"start":{"line":3,"column":15},"end":{"line":3,"column":32}},"3":{"start":{"line":6,"column":16},"end":{"line":6,"column":24}},"4":{"start":{"line":7,"column":22},"end":{"line":7,"column":35}},"5":{"start":{"line":8,"column":19},"end":{"line":8,"column":30}},"6":{"start":{"line":11,"column":2},"end":{"line":35,"column":5}},"7":{"start":{"line":12,"column":18},"end":{"line":12,"column":37}},"8":{"start":{"line":14,"column":26},"end":{"line":14,"column":95}},"9":{"start":{"line":14,"column":47},"end":{"line":14,"column":94}},"10":{"start":{"line":16,"column":27},"end":{"line":16,"column":29}},"11":{"start":{"line":18,"column":4},"end":{"line":31,"column":7}},"12":{"start":{"line":19,"column":17},"end":{"line":19,"column":39}},"13":{"start":{"line":20,"column":19},"end":{"line":20,"column":41}},"14":{"start":{"line":21,"column":18},"end":{"line":21,"column":73}},"15":{"start":{"line":22,"column":21},"end":{"line":22,"column":66}},"16":{"start":{"line":24,"column":20},"end":{"line":24,"column":57}},"17":{"start":{"line":25,"column":22},"end":{"line":25,"column":42}},"18":{"start":{"line":26,"column":6},"end":{"line":26,"column":61}},"19":{"start":{"line":28,"column":22},"end":{"line":28,"column":41}},"20":{"start":{"line":30,"column":6},"end":{"line":30,"column":133}},"21":{"start":{"line":33,"column":4},"end":{"line":33,"column":90}},"22":{"start":{"line":34,"column":4},"end":{"line":34,"column":14}},"23":{"start":{"line":39,"column":2},"end":{"line":48,"column":5}},"24":{"start":{"line":40,"column":27},"end":{"line":40,"column":82}},"25":{"start":{"line":42,"column":4},"end":{"line":45,"column":7}},"26":{"start":{"line":43,"column":31},"end":{"line":43,"column":74}},"27":{"start":{"line":44,"column":6},"end":{"line":44,"column":63}},"28":{"start":{"line":47,"column":4},"end":{"line":47,"column":14}},"29":{"start":{"line":52,"column":39},"end":{"line":52,"column":63}},"30":{"start":{"line":54,"column":19},"end":{"line":54,"column":41}},"31":{"start":{"line":55,"column":21},"end":{"line":55,"column":45}},"32":{"start":{"line":56,"column":24},"end":{"line":56,"column":51}},"33":{"start":{"line":57,"column":24},"end":{"line":57,"column":51}},"34":{"start":{"line":59,"column":14},"end":{"line":59,"column":75}},"35":{"start":{"line":60,"column":19},"end":{"line":60,"column":72}},"36":{"start":{"line":61,"column":2},"end":{"line":61,"column":37}},"37":{"start":{"line":63,"column":18},"end":{"line":63,"column":48}},"38":{"start":{"line":64,"column":2},"end":{"line":64,"column":59}},"39":{"start":{"line":66,"column":2},"end":{"line":66,"column":19}},"40":{"start":{"line":69,"column":0},"end":{"line":72,"column":1}}},"fnMap":{"0":{"name":"encrypt","decl":{"start":{"line":10,"column":9},"end":{"line":10,"column":16}},"loc":{"start":{"line":10,"column":32},"end":{"line":36,"column":1}},"line":10},"1":{"name":"(anonymous_1)","decl":{"start":{"line":11,"column":21},"end":{"line":11,"column":22}},"loc":{"start":{"line":11,"column":42},"end":{"line":35,"column":3}},"line":11},"2":{"name":"(anonymous_2)","decl":{"start":{"line":14,"column":39},"end":{"line":14,"column":40}},"loc":{"start":{"line":14,"column":47},"end":{"line":14,"column":94}},"line":14},"3":{"name":"(anonymous_3)","decl":{"start":{"line":18,"column":26},"end":{"line":18,"column":27}},"loc":{"start":{"line":18,"column":36},"end":{"line":31,"column":5}},"line":18},"4":{"name":"decrypt","decl":{"start":{"line":38,"column":9},"end":{"line":38,"column":16}},"loc":{"start":{"line":38,"column":32},"end":{"line":49,"column":1}},"line":38},"5":{"name":"(anonymous_5)","decl":{"start":{"line":39,"column":21},"end":{"line":39,"column":22}},"loc":{"start":{"line":39,"column":42},"end":{"line":48,"column":3}},"line":39},"6":{"name":"(anonymous_6)","decl":{"start":{"line":42,"column":40},"end":{"line":42,"column":41}},"loc":{"start":{"line":42,"column":50},"end":{"line":45,"column":5}},"line":42},"7":{"name":"decryptFile","decl":{"start":{"line":51,"column":9},"end":{"line":51,"column":20}},"loc":{"start":{"line":51,"column":46},"end":{"line":67,"column":1}},"line":51}},"branchMap":{"0":{"loc":{"start":{"line":14,"column":47},"end":{"line":14,"column":94}},"type":"binary-expr","locations":[{"start":{"line":14,"column":47},"end":{"line":14,"column":65}},{"start":{"line":14,"column":69},"end":{"line":14,"column":94}}],"line":14}},"s":{"0":1,"1":1,"2":1,"3":1,"4":1,"5":1,"6":5,"7":5,"8":5,"9":9,"10":5,"11":5,"12":1,"13":1,"14":1,"15":1,"16":1,"17":1,"18":1,"19":1,"20":1,"21":5,"22":5,"23":3,"24":3,"25":2,"26":0,"27":0,"28":2,"29":0,"30":0,"31":0,"32":0,"33":0,"34":0,"35":0,"36":0,"37":0,"38":0,"39":0,"40":1},"f":{"0":5,"1":5,"2":9,"3":1,"4":3,"5":3,"6":0,"7":0},"b":{"0":[9,4]},"_coverageSchema":"1a1c01bbd47fc00a2c39e90264f33305004495a9","hash":"a2ecc939fae8873279ffc61acd02ef8e6b22a678"}
}
