TN:
SF:lib\encryption.js
FN:10,encrypt
FN:11,(anonymous_1)
FN:14,(anonymous_2)
FN:18,(anonymous_3)
FN:38,decrypt
FN:39,(anonymous_5)
FN:42,(anonymous_6)
FN:51,decryptFile
FNF:8
FNH:6
FNDA:5,encrypt
FNDA:5,(anonymous_1)
FNDA:9,(anonymous_2)
FNDA:1,(anonymous_3)
FNDA:3,decrypt
FNDA:3,(anonymous_5)
FNDA:0,(anonymous_6)
FNDA:0,decryptFile
DA:1,1
DA:2,1
DA:3,1
DA:6,1
DA:7,1
DA:8,1
DA:11,5
DA:12,5
DA:14,9
DA:16,5
DA:18,5
DA:19,1
DA:20,1
DA:21,1
DA:22,1
DA:24,1
DA:25,1
DA:26,1
DA:28,1
DA:30,1
DA:33,5
DA:34,5
DA:39,3
DA:40,3
DA:42,2
DA:43,0
DA:44,0
DA:47,2
DA:52,0
DA:54,0
DA:55,0
DA:56,0
DA:57,0
DA:59,0
DA:60,0
DA:61,0
DA:63,0
DA:64,0
DA:66,0
DA:69,1
LF:40
LH:27
BRDA:14,0,0,9
BRDA:14,0,1,4
BRF:2
BRH:2
end_of_record
